<?xml version="1.0" encoding="UTF-8"?>
<!-- Generated by org.testng.reporters.JUnitXMLReporter -->
<testsuite hostname="nagarjunareddys-MacBook-Air.local" name="Test" tests="1" failures="1" timestamp="20 Jul 2020 04:05:11 GMT" time="15.847" errors="0">
  <testcase name="runtest" time="15.082" classname="com.abb.dias.api.automation.test.kshtest.KshApiServicesTest">
    <failure type="java.lang.NullPointerException">
      <![CDATA[java.lang.NullPointerException
	at com.abb.dias.api.automation.page.kshpages.KshApiServicesPage.executeKshApisServices(KshApiServicesPage.java:270)
	at com.abb.dias.api.automation.test.kshtest.KshApiServicesTest.runtest(KshApiServicesTest.java:29)
... Removed 24 stack frames]]>
    </failure>
  </testcase> <!-- runtest -->
</testsuite> <!-- Test -->
