<?xml version="1.0" encoding="UTF-8"?>
<testng-results skipped="0" failed="1" total="1" passed="0">
  <reporter-output>
    <line>
      <![CDATA[kSH Api services Execution has started]]>
    </line>
    <line>
      <![CDATA[The S.No of test case about to execute :1 &  Testcase id is: 5298 &  Number of repetation 1]]>
    </line>
    <line>
      <![CDATA[Parameterized Json Request Body is :: ]]>
    </line>
    <line>
      <![CDATA[The API URL is: https://dias-qe-r2.westeurope.cloudapp.azure.com/ksh-api/dais-API/IcmDataAPI/ICMPFM.D_ACG_PRD?limit=&sortOrder=ASC]]>
    </line>
    <line>
      <![CDATA[The Token Response time is:2918 Milli seconds]]>
    </line>
    <line>
      <![CDATA[The Response status code for Token generation API is:200]]>
    </line>
    <line>
      <![CDATA[The respone time is : 2537 Milli seconds]]>
    </line>
    <line>
      <![CDATA[The response status code for post request is :404]]>
    </line>
    <line>
      <![CDATA[The S.No of test case executed is :1 &  Testcase id is: 5298 &  Number of repetation 1]]>
    </line>
    <line>
      <![CDATA[ Method Name is : convertApiResponseTokeyValuePairs,An exception occured while converting the api json response into key and values pairs: io.restassured.path.xml.XmlPath cannot be cast to java.util.List]]>
    </line>
    <line>
      <![CDATA[ Method Name is : writerrAn exception occued while wirting the list of items into text file: null]]>
    </line>
    <line>
      <![CDATA[ Method Name is : convertApiResponseTokeyValuePairs,An exception occured while converting the api json response into key and values pairs: io.restassured.path.xml.XmlPath cannot be cast to java.util.List]]>
    </line>
    <line>
      <![CDATA[D_Accounting Period Respone code is  :404 VS Expected Response code is :200 &  Content of the API Response and DB Response both files are mis matched : D_Accounting Period_s.no1_repeation_No1 VS D_Accounting Period_s.no1_repeation_No1]]>
    </line>
  </reporter-output>
  <suite name="Suite" duration-ms="15847" started-at="2020-07-20T04:04:55Z" finished-at="2020-07-20T04:05:11Z">
    <groups>
    </groups>
    <test name="Test" duration-ms="15847" started-at="2020-07-20T04:04:55Z" finished-at="2020-07-20T04:05:11Z">
      <class name="com.abb.dias.api.automation.test.kshtest.KshApiServicesTest">
        <test-method status="PASS" signature="beforetest()[pri:0, instance:com.abb.dias.api.automation.test.kshtest.KshApiServicesTest@10a035a0]" name="beforetest" is-config="true" duration-ms="431" started-at="2020-07-20T09:34:55Z" finished-at="2020-07-20T09:34:56Z">
          <reporter-output>
          </reporter-output>
        </test-method> <!-- beforetest -->
        <test-method status="FAIL" signature="runtest()[pri:0, instance:com.abb.dias.api.automation.test.kshtest.KshApiServicesTest@10a035a0]" name="runtest" duration-ms="15082" started-at="2020-07-20T09:34:56Z" finished-at="2020-07-20T09:35:11Z">
          <exception class="java.lang.NullPointerException">
            <full-stacktrace>
              <![CDATA[java.lang.NullPointerException
	at com.abb.dias.api.automation.page.kshpages.KshApiServicesPage.executeKshApisServices(KshApiServicesPage.java:270)
	at com.abb.dias.api.automation.test.kshtest.KshApiServicesTest.runtest(KshApiServicesTest.java:29)
	at sun.reflect.NativeMethodAccessorImpl.invoke0(Native Method)
	at sun.reflect.NativeMethodAccessorImpl.invoke(NativeMethodAccessorImpl.java:62)
	at sun.reflect.DelegatingMethodAccessorImpl.invoke(DelegatingMethodAccessorImpl.java:43)
	at java.lang.reflect.Method.invoke(Method.java:498)
	at org.testng.internal.MethodInvocationHelper.invokeMethod(MethodInvocationHelper.java:80)
	at org.testng.internal.Invoker.invokeMethod(Invoker.java:714)
	at org.testng.internal.Invoker.invokeTestMethod(Invoker.java:901)
	at org.testng.internal.Invoker.invokeTestMethods(Invoker.java:1231)
	at org.testng.internal.TestMethodWorker.invokeTestMethods(TestMethodWorker.java:127)
	at org.testng.internal.TestMethodWorker.run(TestMethodWorker.java:111)
	at org.testng.TestRunner.privateRun(TestRunner.java:767)
	at org.testng.TestRunner.run(TestRunner.java:617)
	at org.testng.SuiteRunner.runTest(SuiteRunner.java:334)
	at org.testng.SuiteRunner.runSequentially(SuiteRunner.java:329)
	at org.testng.SuiteRunner.privateRun(SuiteRunner.java:291)
	at org.testng.SuiteRunner.run(SuiteRunner.java:240)
	at org.testng.SuiteRunnerWorker.runSuite(SuiteRunnerWorker.java:52)
	at org.testng.SuiteRunnerWorker.run(SuiteRunnerWorker.java:86)
	at org.testng.TestNG.runSuitesSequentially(TestNG.java:1198)
	at org.testng.TestNG.runSuitesLocally(TestNG.java:1123)
	at org.testng.TestNG.run(TestNG.java:1031)
	at org.testng.remote.AbstractRemoteTestNG.run(AbstractRemoteTestNG.java:115)
	at org.testng.remote.RemoteTestNG.initAndRun(RemoteTestNG.java:251)
	at org.testng.remote.RemoteTestNG.main(RemoteTestNG.java:77)
]]>
            </full-stacktrace>
          </exception> <!-- java.lang.NullPointerException -->
          <reporter-output>
            <line>
              <![CDATA[kSH Api services Execution has started]]>
            </line>
            <line>
              <![CDATA[The S.No of test case about to execute :1 &  Testcase id is: 5298 &  Number of repetation 1]]>
            </line>
            <line>
              <![CDATA[Parameterized Json Request Body is :: ]]>
            </line>
            <line>
              <![CDATA[The API URL is: https://dias-qe-r2.westeurope.cloudapp.azure.com/ksh-api/dais-API/IcmDataAPI/ICMPFM.D_ACG_PRD?limit=&sortOrder=ASC]]>
            </line>
            <line>
              <![CDATA[The Token Response time is:2918 Milli seconds]]>
            </line>
            <line>
              <![CDATA[The Response status code for Token generation API is:200]]>
            </line>
            <line>
              <![CDATA[The respone time is : 2537 Milli seconds]]>
            </line>
            <line>
              <![CDATA[The response status code for post request is :404]]>
            </line>
            <line>
              <![CDATA[The S.No of test case executed is :1 &  Testcase id is: 5298 &  Number of repetation 1]]>
            </line>
            <line>
              <![CDATA[ Method Name is : convertApiResponseTokeyValuePairs,An exception occured while converting the api json response into key and values pairs: io.restassured.path.xml.XmlPath cannot be cast to java.util.List]]>
            </line>
            <line>
              <![CDATA[ Method Name is : writerrAn exception occued while wirting the list of items into text file: null]]>
            </line>
            <line>
              <![CDATA[ Method Name is : convertApiResponseTokeyValuePairs,An exception occured while converting the api json response into key and values pairs: io.restassured.path.xml.XmlPath cannot be cast to java.util.List]]>
            </line>
            <line>
              <![CDATA[D_Accounting Period Respone code is  :404 VS Expected Response code is :200 &  Content of the API Response and DB Response both files are mis matched : D_Accounting Period_s.no1_repeation_No1 VS D_Accounting Period_s.no1_repeation_No1]]>
            </line>
          </reporter-output>
        </test-method> <!-- runtest -->
        <test-method status="PASS" signature="afterMethod(org.testng.ITestResult, java.lang.reflect.Method)[pri:0, instance:com.abb.dias.api.automation.test.kshtest.KshApiServicesTest@10a035a0]" name="afterMethod" is-config="true" duration-ms="1" started-at="2020-07-20T09:35:11Z" finished-at="2020-07-20T09:35:11Z">
          <params>
            <param index="0">
              <value>
                <![CDATA[[TestResult name=runtest status=FAILURE method=KshApiServicesTest.runtest()[pri:0, instance:com.abb.dias.api.automation.test.kshtest.KshApiServicesTest@10a035a0] output=kSH Api services Execution has started]]]>
              </value>
            </param>
            <param index="1">
              <value>
                <![CDATA[public void com.abb.dias.api.automation.test.kshtest.KshApiServicesTest.runtest() throws java.lang.InterruptedException]]>
              </value>
            </param>
          </params>
          <reporter-output>
          </reporter-output>
        </test-method> <!-- afterMethod -->
        <test-method status="PASS" signature="aftertest()[pri:0, instance:com.abb.dias.api.automation.test.kshtest.KshApiServicesTest@10a035a0]" name="aftertest" is-config="true" duration-ms="316" started-at="2020-07-20T09:35:11Z" finished-at="2020-07-20T09:35:11Z">
          <reporter-output>
          </reporter-output>
        </test-method> <!-- aftertest -->
      </class> <!-- com.abb.dias.api.automation.test.kshtest.KshApiServicesTest -->
    </test> <!-- Test -->
  </suite> <!-- Suite -->
</testng-results>
